2026-02-26 08:03:14 [main] INFO  Log - Starting webDriver
2026-02-26 08:03:16 [main] INFO  Log - Navigating to URL..
2026-02-26 08:03:19 [main] INFO  Log - Starting login test..
2026-02-26 08:03:19 [main] INFO  Log - Adding credentials
2026-02-26 08:03:19 [main] INFO  Log - Clicking login button..
2026-02-26 08:03:20 [main] INFO  Log - Verifying title
2026-02-26 08:03:20 [main] INFO  Log - Closing Browser..
2026-02-27 07:40:13 [main] INFO  Log - Starting webDriver
2026-02-27 07:40:21 [main] INFO  Log - Navigating to URL..
2026-02-27 07:40:24 [main] INFO  Log - Starting login test..
2026-02-27 07:40:24 [main] INFO  Log - Adding credentials
2026-02-27 07:40:24 [main] INFO  Log - Clicking login button..
2026-02-27 07:40:26 [main] INFO  Log - Verifying page title
2026-02-27 07:40:26 [main] INFO  Log - Closing Browser..
2026-02-27 08:17:46 [main] INFO  Log - Starting webDriver
2026-02-27 08:17:52 [main] INFO  Log - Navigating to URL..
2026-02-27 08:17:55 [main] INFO  Log - Starting login test..
2026-02-27 08:17:55 [main] INFO  Log - Adding credentials
2026-02-27 08:17:56 [main] INFO  Log - Clicking login button..
2026-02-27 08:17:57 [main] INFO  Log - Verifying page title
2026-02-27 08:17:58 [main] INFO  Log - Closing Browser..
2026-02-27 08:23:03 [main] INFO  Log - Starting webDriver
2026-02-27 08:23:08 [main] INFO  Log - Navigating to URL..
2026-02-27 08:23:11 [main] INFO  Log - Starting login test..
2026-02-27 08:23:11 [main] INFO  Log - Adding credentials
2026-02-27 08:23:11 [main] INFO  Log - Clicking login button..
2026-02-27 08:23:13 [main] INFO  Log - Verifying page title
2026-02-27 08:23:13 [main] INFO  Log - Closing Browser..
2026-02-27 08:23:13 [main] INFO  Log - Starting webDriver
2026-02-27 08:23:15 [main] INFO  Log - Navigating to URL..
2026-02-27 08:23:17 [main] INFO  Log - Starting login test..
2026-02-27 08:23:17 [main] INFO  Log - Adding credentials
2026-02-27 08:23:18 [main] INFO  Log - Clicking login button..
2026-02-27 08:23:18 [main] INFO  Log - Verifying page title
2026-02-27 08:23:18 [main] INFO  Log - Closing Browser..
